This is pdfTeX, Version 3.14159265-2.6-1.40.15 (TeX Live 2015/dev/Debian) (preloaded format=latex 2016.6.6)  5 AUG 2016 11:14
entering extended mode
 restricted \write18 enabled.
 %&-line parsing enabled.
**report.tex
(./report.tex
LaTeX2e <2014/05/01>
Babel <3.9l> and hyphenation patterns for 2 languages loaded.
(/usr/share/texlive/texmf-dist/tex/latex/base/report.cls
Document Class: report 2014/09/29 v1.4h Standard LaTeX document class
(/usr/share/texlive/texmf-dist/tex/latex/base/size12.clo
File: size12.clo 2014/09/29 v1.4h Standard LaTeX file (size option)
)
\c@part=\count79
\c@chapter=\count80
\c@section=\count81
\c@subsection=\count82
\c@subsubsection=\count83
\c@paragraph=\count84
\c@subparagraph=\count85
\c@figure=\count86
\c@table=\count87
\abovecaptionskip=\skip41
\belowcaptionskip=\skip42
\bibindent=\dimen102
)
(/usr/share/texlive/texmf-dist/tex/latex/base/syntonly.sty
Package: syntonly 1999/09/17 v2.1e Standard LaTeX2e package
) (./report.aux)
\openout1 = `report.aux'.

LaTeX Font Info:    Checking defaults for OML/cmm/m/it on input line 6.
LaTeX Font Info:    ... okay on input line 6.
LaTeX Font Info:    Checking defaults for T1/cmr/m/n on input line 6.
LaTeX Font Info:    ... okay on input line 6.
LaTeX Font Info:    Checking defaults for OT1/cmr/m/n on input line 6.
LaTeX Font Info:    ... okay on input line 6.
LaTeX Font Info:    Checking defaults for OMS/cmsy/m/n on input line 6.
LaTeX Font Info:    ... okay on input line 6.
LaTeX Font Info:    Checking defaults for OMX/cmex/m/n on input line 6.
LaTeX Font Info:    ... okay on input line 6.
LaTeX Font Info:    Checking defaults for U/cmr/m/n on input line 6.
LaTeX Font Info:    ... okay on input line 6.
LaTeX Font Info:    External font `cmex10' loaded for size
(Font)              <14.4> on input line 7.
LaTeX Font Info:    External font `cmex10' loaded for size
(Font)              <7> on input line 7.

[1

] (./report.toc
LaTeX Font Info:    External font `cmex10' loaded for size
(Font)              <12> on input line 2.
LaTeX Font Info:    External font `cmex10' loaded for size
(Font)              <8> on input line 2.
LaTeX Font Info:    External font `cmex10' loaded for size
(Font)              <6> on input line 2.
 [2

] [3])
\tf@toc=\write3
\openout3 = `report.toc'.

 [4]
Chapter 1.
[5

]
Chapter 2.

Underfull \vbox (badness 10000) has occurred while \output is active []

 [6

]
Overfull \vbox (506.35007pt too high) has occurred while \output is active []


[7]
Chapter 3.
[8

]
Chapter 4.

Underfull \vbox (badness 10000) has occurred while \output is active []

 [9

]
Overfull \vbox (71.06668pt too high) has occurred while \output is active []


[10]
Chapter 5.
[11

]
Chapter 6.
[12

]
Appendix A.
[13

]
Appendix B.
[14

]
Appendix C.
[15

]
Appendix D.
[16

]
Appendix E.
[17

] (./report.aux) ) 
Here is how much of TeX's memory you used:
 271 strings out of 495021
 3030 string characters out of 6181351
 53651 words of memory out of 5000000
 3557 multiletter control sequences out of 15000+600000
 9440 words of font info for 34 fonts, out of 8000000 for 9000
 14 hyphenation exceptions out of 8191
 23i,7n,19p,150b,189s stack positions out of 5000i,500n,10000p,200000b,80000s

Output written on report.dvi (17 pages, 20352 bytes).
